<?xml version="1.0" encoding="UTF-8"?>
<testsuite xmlns:xsi="http://www.w3.org/2001/XMLSchema-instance" xsi:noNamespaceSchemaLocation="https://maven.apache.org/surefire/maven-surefire-plugin/xsd/surefire-test-report.xsd" version="3.0.2" name="com.redisDemo.RedisDemoApplicationTests" time="7.378" tests="1" errors="0" skipped="0" failures="0">
  <properties>
[...]
</properties>
  <testcase name="contextLoads" classname="com.redisDemo.RedisDemoApplicationTests" time="0.918">
    <system-out><![CDATA[18:28:40.749 [main] INFO org.springframework.test.context.support.AnnotationConfigContextLoaderUtils -- Could not detect default configuration classes for test class [com.redisDemo.RedisDemoApplicationTests]: RedisDemoApplicationTests does not declare any static, non-private, non-final, nested classes annotated with @Configuration.
18:28:40.906 [main] INFO org.springframework.boot.test.context.SpringBootTestContextBootstrapper -- Found @SpringBootConfiguration com.redisDemo.RedisDemoApplication for test class com.redisDemo.RedisDemoApplicationTests

  .   ____          _            __ _ _
 /\\ / ___'_ __ _ _(_)_ __  __ _ \ \ \ \
( ( )\___ | '_ | '_| | '_ \/ _` | \ \ \ \
 \\/  ___)| |_)| | | | | || (_| |  ) ) ) )
  '  |____| .__|_| |_|_| |_\__, | / / / /
 =========|_|==============|___/=/_/_/_/

 :: Spring Boot ::                (v4.0.0)

2025-12-18T18:28:41.538+05:45  INFO 15596 --- [Redis-Demo] [           main] c.redisDemo.RedisDemoApplicationTests    : Starting RedisDemoApplicationTests using Java 21.0.5 with PID 15596 (started by Acer Aspire in E:\Spring Redsis-Socket-Demo\Redis-Demo)
2025-12-18T18:28:41.540+05:45  INFO 15596 --- [Redis-Demo] [           main] c.redisDemo.RedisDemoApplicationTests    : No active profile set, falling back to 1 default profile: "default"
2025-12-18T18:28:42.817+05:45  INFO 15596 --- [Redis-Demo] [           main] .s.d.r.c.RepositoryConfigurationDelegate : Multiple Spring Data modules found, entering strict repository configuration mode
2025-12-18T18:28:42.823+05:45  INFO 15596 --- [Redis-Demo] [           main] .s.d.r.c.RepositoryConfigurationDelegate : Bootstrapping Spring Data Redis repositories in DEFAULT mode.
2025-12-18T18:28:42.872+05:45  INFO 15596 --- [Redis-Demo] [           main] .s.d.r.c.RepositoryConfigurationDelegate : Finished Spring Data repository scanning in 22 ms. Found 0 Redis repository interfaces.
2025-12-18T18:28:44.573+05:45  WARN 15596 --- [Redis-Demo] [           main] .s.a.UserDetailsServiceAutoConfiguration : 

Using generated security password: 08f08e4e-90c6-4585-a3af-a7790c7802c3

This generated password is for development use only. Your security configuration must be updated before running your application in production.

2025-12-18T18:28:44.596+05:45  INFO 15596 --- [Redis-Demo] [           main] r$InitializeUserDetailsManagerConfigurer : Global AuthenticationManager configured with UserDetailsService bean with name inMemoryUserDetailsManager
2025-12-18T18:28:45.821+05:45  INFO 15596 --- [Redis-Demo] [           main] o.s.m.s.b.SimpleBrokerMessageHandler     : Starting...
2025-12-18T18:28:45.823+05:45  INFO 15596 --- [Redis-Demo] [           main] o.s.m.s.b.SimpleBrokerMessageHandler     : BrokerAvailabilityEvent[available=true, SimpleBrokerMessageHandler [org.springframework.messaging.simp.broker.DefaultSubscriptionRegistry@3aab42d6]]
2025-12-18T18:28:45.824+05:45  INFO 15596 --- [Redis-Demo] [           main] o.s.m.s.b.SimpleBrokerMessageHandler     : Started.
2025-12-18T18:28:46.646+05:45  INFO 15596 --- [Redis-Demo] [           main] c.redisDemo.RedisDemoApplicationTests    : Started RedisDemoApplicationTests in 5.499 seconds (process running for 7.515)
]]></system-out>
    <system-err><![CDATA[Mockito is currently self-attaching to enable the inline-mock-maker. This will no longer work in future releases of the JDK. Please add Mockito as an agent to your build as described in Mockito's documentation: https://javadoc.io/doc/org.mockito/mockito-core/latest/org.mockito/org/mockito/Mockito.html#0.3
WARNING: A Java agent has been loaded dynamically (C:\Users\Acer Aspire\.m2\repository\net\bytebuddy\byte-buddy-agent\1.17.8\byte-buddy-agent-1.17.8.jar)
WARNING: If a serviceability tool is in use, please run with -XX:+EnableDynamicAgentLoading to hide this warning
WARNING: If a serviceability tool is not in use, please run with -Djdk.instrument.traceUsage for more information
WARNING: Dynamic loading of agents will be disallowed by default in a future release
]]></system-err>
  </testcase>
</testsuite>